<?xml version="1.0" encoding="UTF-8"?>
<testng-results skipped="0" failed="0" ignored="0" total="1" passed="1">
  <reporter-output>
  </reporter-output>
  <suite name="Default suite" duration-ms="4109" started-at="2022-03-13T14:36:35 EDT" finished-at="2022-03-13T14:36:39 EDT">
    <groups>
    </groups>
    <test name="Default test" duration-ms="4109" started-at="2022-03-13T14:36:35 EDT" finished-at="2022-03-13T14:36:39 EDT">
      <class name="testcases.readproducts">
        <test-method status="PASS" signature="readallproducts()[pri:0, instance:testcases.readproducts@2f943d71]" name="readallproducts" duration-ms="4056" started-at="2022-03-13T14:36:35 EDT" finished-at="2022-03-13T14:36:39 EDT">
          <reporter-output>
          </reporter-output>
        </test-method> <!-- readallproducts -->
      </class> <!-- testcases.readproducts -->
    </test> <!-- Default test -->
  </suite> <!-- Default suite -->
</testng-results>
